<?xml version="1.0" encoding="UTF-8"?>
<coverage generated="1627945228843" clover="3.2.0">
  <project timestamp="1627945228844" name="All files">
    <metrics statements="23" coveredstatements="1" conditionals="2" coveredconditionals="0" methods="6" coveredmethods="0" elements="31" coveredelements="1" complexity="0" loc="23" ncloc="23" packages="1" files="1" classes="1"/>
    <file name="formHandler.js" path="C:\Users\20128\Desktop\FWD_udacity_web\AdvancedTrack\evaluate-news-nlp\src\client\js\formHandler.js">
      <metrics statements="23" coveredstatements="1" conditionals="2" coveredconditionals="0" methods="6" coveredmethods="0"/>
      <line num="1" count="1" type="stmt"/>
      <line num="4" count="0" type="stmt"/>
      <line num="7" count="0" type="stmt"/>
      <line num="8" count="0" type="cond" truecount="0" falsecount="2"/>
      <line num="9" count="0" type="stmt"/>
      <line num="13" count="0" type="stmt"/>
      <line num="15" count="0" type="stmt"/>
      <line num="16" count="0" type="stmt"/>
      <line num="18" count="0" type="stmt"/>
      <line num="19" count="0" type="stmt"/>
      <line num="20" count="0" type="stmt"/>
      <line num="21" count="0" type="stmt"/>
      <line num="23" count="0" type="stmt"/>
      <line num="28" count="0" type="stmt"/>
      <line num="31" count="0" type="stmt"/>
      <line num="33" count="0" type="stmt"/>
      <line num="34" count="0" type="stmt"/>
      <line num="35" count="0" type="stmt"/>
      <line num="36" count="0" type="stmt"/>
      <line num="37" count="0" type="stmt"/>
      <line num="38" count="0" type="stmt"/>
      <line num="41" count="0" type="stmt"/>
      <line num="42" count="0" type="stmt"/>
    </file>
  </project>
</coverage>
