{"C:\\Users\\20128\\Desktop\\FWD_udacity_web\\AdvancedTrack\\evaluate-news-nlp\\src\\client\\js\\formHandler.js": {"path":"C:\\Users\\20128\\Desktop\\FWD_udacity_web\\AdvancedTrack\\evaluate-news-nlp\\src\\client\\js\\formHandler.js","statementMap":{"0":{"start":{"line":1,"column":17},"end":{"line":1,"column":21}},"1":{"start":{"line":4,"column":4},"end":{"line":4,"column":26}},"2":{"start":{"line":7,"column":19},"end":{"line":7,"column":56}},"3":{"start":{"line":8,"column":4},"end":{"line":44,"column":5}},"4":{"start":{"line":9,"column":8},"end":{"line":9,"column":86}},"5":{"start":{"line":13,"column":8},"end":{"line":13,"column":45}},"6":{"start":{"line":15,"column":23},"end":{"line":43,"column":14}},"7":{"start":{"line":16,"column":30},"end":{"line":16,"column":45}},"8":{"start":{"line":18,"column":33},"end":{"line":18,"column":47}},"9":{"start":{"line":19,"column":16},"end":{"line":19,"column":44}},"10":{"start":{"line":20,"column":16},"end":{"line":20,"column":49}},"11":{"start":{"line":21,"column":16},"end":{"line":21,"column":50}},"12":{"start":{"line":23,"column":39},"end":{"line":27,"column":17}},"13":{"start":{"line":28,"column":16},"end":{"line":28,"column":90}},"14":{"start":{"line":31,"column":30},"end":{"line":31,"column":45}},"15":{"start":{"line":33,"column":16},"end":{"line":33,"column":33}},"16":{"start":{"line":34,"column":16},"end":{"line":34,"column":99}},"17":{"start":{"line":35,"column":16},"end":{"line":35,"column":84}},"18":{"start":{"line":36,"column":16},"end":{"line":36,"column":105}},"19":{"start":{"line":37,"column":16},"end":{"line":37,"column":96}},"20":{"start":{"line":38,"column":16},"end":{"line":38,"column":96}},"21":{"start":{"line":41,"column":16},"end":{"line":41,"column":52}},"22":{"start":{"line":42,"column":16},"end":{"line":42,"column":88}}},"fnMap":{"0":{"name":"handleSubmit","decl":{"start":{"line":3,"column":9},"end":{"line":3,"column":21}},"loc":{"start":{"line":3,"column":29},"end":{"line":46,"column":1}},"line":3},"1":{"name":"(anonymous_1)","decl":{"start":{"line":16,"column":18},"end":{"line":16,"column":19}},"loc":{"start":{"line":16,"column":30},"end":{"line":16,"column":45}},"line":16},"2":{"name":"(anonymous_2)","decl":{"start":{"line":17,"column":18},"end":{"line":17,"column":19}},"loc":{"start":{"line":17,"column":25},"end":{"line":30,"column":13}},"line":17},"3":{"name":"(anonymous_3)","decl":{"start":{"line":31,"column":18},"end":{"line":31,"column":19}},"loc":{"start":{"line":31,"column":30},"end":{"line":31,"column":45}},"line":31},"4":{"name":"(anonymous_4)","decl":{"start":{"line":32,"column":18},"end":{"line":32,"column":19}},"loc":{"start":{"line":32,"column":34},"end":{"line":39,"column":13}},"line":32},"5":{"name":"(anonymous_5)","decl":{"start":{"line":40,"column":19},"end":{"line":40,"column":20}},"loc":{"start":{"line":40,"column":26},"end":{"line":43,"column":13}},"line":40}},"branchMap":{"0":{"loc":{"start":{"line":8,"column":4},"end":{"line":44,"column":5}},"type":"if","locations":[{"start":{"line":8,"column":4},"end":{"line":44,"column":5}},{"start":{"line":8,"column":4},"end":{"line":44,"column":5}}],"line":8}},"s":{"0":1,"1":0,"2":0,"3":0,"4":0,"5":0,"6":0,"7":0,"8":0,"9":0,"10":0,"11":0,"12":0,"13":0,"14":0,"15":0,"16":0,"17":0,"18":0,"19":0,"20":0,"21":0,"22":0},"f":{"0":0,"1":0,"2":0,"3":0,"4":0,"5":0},"b":{"0":[0,0]},"_coverageSchema":"1a1c01bbd47fc00a2c39e90264f33305004495a9","hash":"bb55d320d0fdd70cb2b05c515d1b4610395061f8"}
}
